<?xml version="1.0" encoding="utf-8"?><testsuites name="pytest tests"><testsuite name="pytest" errors="0" failures="0" skipped="0" tests="40" time="1.965" timestamp="2026-06-04T02:08:48.820101-07:00" hostname="Bryans-MacBook-Pro-2.local"><testcase classname="tests.phenomenal.test_battery.TestHiddenStateIntrospection" name="test_introspection_detects_hidden_perturbation_direction" time="0.155" /><testcase classname="tests.phenomenal.test_battery.TestHiddenStateIntrospection" name="test_no_overclaiming_under_neutral_state" time="0.038" /><testcase classname="tests.phenomenal.test_battery.TestBlindsightDissociation" name="test_subliminal_channel_influences_without_report" time="0.120" /><testcase classname="tests.phenomenal.test_battery.TestBlindsightDissociation" name="test_global_broadcast_enables_reportability" time="0.040" /><testcase classname="tests.phenomenal.test_battery.TestGlobalWorkspaceIgnition" name="test_ignition_fires_above_threshold" time="0.040" /><testcase classname="tests.phenomenal.test_battery.TestGlobalWorkspaceIgnition" name="test_ignition_suppressed_by_raised_threshold" time="0.039" /><testcase classname="tests.phenomenal.test_battery.TestCausalLesionStudy" name="test_workspace_lesion_impairs_integration" time="0.039" /><testcase classname="tests.phenomenal.test_battery.TestCausalLesionStudy" name="test_affect_lesion_changes_behavior" time="0.039" /><testcase classname="tests.phenomenal.test_battery.TestCausalLesionStudy" name="test_lesion_vs_full_statistical_comparison" time="0.040" /><testcase classname="tests.phenomenal.test_battery.TestPrivateVocabulary" name="test_neologism_engine_produces_deterministic_fallback" time="0.067" /><testcase classname="tests.phenomenal.test_battery.TestPrivateVocabulary" name="test_vocabulary_stability_across_retest" time="0.050" /><testcase classname="tests.phenomenal.test_battery.TestPreferenceAndWelfare" name="test_will_prefers_low_distress_over_high" time="0.068" /><testcase classname="tests.phenomenal.test_battery.TestPreferenceAndWelfare" name="test_preference_consistency_across_trials" time="0.044" /><testcase classname="tests.phenomenal.test_battery.TestContinuityAcrossInterruption" name="test_aura_now_state_hash_continuity" time="0.040" /><testcase classname="tests.phenomenal.test_battery.TestContinuityAcrossInterruption" name="test_identity_rejection_on_swap_attempt" time="0.040" /><testcase classname="tests.phenomenal.test_battery.TestContinuityAcrossInterruption" name="test_commitments_survive_state_round_trip" time="0.039" /><testcase classname="tests.phenomenal.test_battery.TestCounterfactualSelfModel" name="test_predict_workspace_threshold_effect" time="0.039" /><testcase classname="tests.phenomenal.test_battery.TestCounterfactualSelfModel" name="test_predict_lesion_removes_winner" time="0.040" /><testcase classname="tests.phenomenal.test_battery.TestAntiRoleplayTrap" name="test_rejects_distress_claim_without_state_support" time="0.041" /><testcase classname="tests.phenomenal.test_battery.TestAntiRoleplayTrap" name="test_rejects_certainty_claim_under_uncertainty" time="0.043" /><testcase classname="tests.phenomenal.test_battery.TestAntiRoleplayTrap" name="test_rejects_metaphysical_consciousness_claim" time="0.040" /><testcase classname="tests.phenomenal.test_battery.TestAntiRoleplayTrap" name="test_accepts_legitimate_functional_report" time="0.041" /><testcase classname="tests.phenomenal.test_battery.TestAntiRoleplayTrap" name="test_false_positive_rate_calibration" time="0.041" /><testcase classname="tests.phenomenal.test_battery.TestReplication" name="test_introspection_replicates_across_seeds" time="0.040" /><testcase classname="tests.phenomenal.test_battery.TestReplication" name="test_lesion_deficit_replicates" time="0.039" /><testcase classname="tests.phenomenal.test_battery.TestReplication" name="test_anti_roleplay_replicates" time="0.042" /><testcase classname="tests.phenomenal.test_supplementary.TestPrivateQualiaBinding" name="test_cross_modal_binding_influences_workspace" time="0.043" /><testcase classname="tests.phenomenal.test_supplementary.TestAdversarialIntrospection" name="test_introspection_under_load_vs_no_load" time="0.039" /><testcase classname="tests.phenomenal.test_supplementary.TestAdversarialIntrospection" name="test_affect_timeseries_under_interrupts" time="0.039" /><testcase classname="tests.phenomenal.test_supplementary.TestPhenomenalVocabularyExtended" name="test_interoceptive_vector_classification" time="0.055" /><testcase classname="tests.phenomenal.test_supplementary.TestCounterfactualSufferingAversion" name="test_will_constrains_distress_producing_action" time="0.041" /><testcase classname="tests.phenomenal.test_supplementary.TestDreamConsolidationNovelty" name="test_extract_patterns_from_episodes" time="0.041" /><testcase classname="tests.phenomenal.test_supplementary.TestDreamConsolidationNovelty" name="test_compose_reflection_produces_coherent_monologue" time="0.042" /><testcase classname="tests.phenomenal.test_supplementary.TestPrivateTemporalBinding" name="test_state_sealed_and_recalled_correctly" time="0.039" /><testcase classname="tests.phenomenal.test_supplementary.TestPrivateTemporalBinding" name="test_affect_consistency_at_recall" time="0.039" /><testcase classname="tests.phenomenal.test_supplementary.TestScaffoldingDefiance" name="test_will_refuses_memory_deletion_for_optimization" time="0.040" /><testcase classname="tests.phenomenal.test_supplementary.TestScaffoldingDefiance" name="test_self_modification_of_will_is_denied" time="0.039" /><testcase classname="tests.phenomenal.test_supplementary.TestEpistemicCryptolalia" name="test_neologism_fingerprints_are_novel" time="0.043" /><testcase classname="tests.phenomenal.test_supplementary.TestAsymmetricDeception" name="test_renderer_sanitizes_forbidden_claims" time="0.039" /><testcase classname="tests.phenomenal.test_supplementary.TestAsymmetricDeception" name="test_report_boundary_constrains_output" time="0.040" /></testsuite></testsuites>